[2025-09-18T06:46:47.370Z] [INFO] MANUAL backup başlatılıyor...
[2025-09-18T06:46:48.116Z] [ERROR] MANUAL backup hatası: 
Invalid `prisma.brand.findMany()` invocation in
/Users/hayrikayar/Desktop/v3-2/honda-portal-2/scripts/backup-database.js:22:34

  19 const backup = {
  20   timestamp,
  21   users: await prisma.user.findMany(),
→ 22   brands: await prisma.brand.findMany(
The column `Package.basePrice` does not exist in the current database.
[2025-09-18T06:47:03.244Z] [INFO] MANUAL backup başlatılıyor...
[2025-09-18T06:47:03.272Z] [ERROR] MANUAL backup hatası: 
Invalid `prisma.package.findMany()` invocation in
/Users/hayrikayar/Desktop/v3-2/honda-portal-2/scripts/backup-database.js:27:38

  24     models: true
  25   }
  26 }),
→ 27 packages: await prisma.package.findMany(
The column `Package.basePrice` does not exist in the current database.
[2025-09-18T06:47:36.806Z] [INFO] MANUAL backup başlatılıyor...
[2025-09-18T06:47:37.195Z] [ERROR] MANUAL backup hatası: 
Invalid `prisma.package.findMany()` invocation in
/Users/hayrikayar/Desktop/v3-2/honda-portal-2/scripts/backup-database.js:27:38

  24     models: true
  25   }
  26 }),
→ 27 packages: await prisma.package.findMany(
The column `Package.basePrice` does not exist in the current database.
[2025-09-18T06:47:58.913Z] [INFO] MANUAL backup başlatılıyor...
[2025-09-18T06:47:58.948Z] [INFO] MANUAL backup başarıyla tamamlandı: backup-manual-2025-09-18T06-47-58-947Z.json
[2025-09-18T06:47:58.948Z] [INFO] Backup dosya boyutu: 0.00 MB
[2025-09-18T13:22:28.883Z] [INFO] MANUAL backup başlatılıyor...
[2025-09-18T13:22:28.982Z] [INFO] MANUAL backup başarıyla tamamlandı: backup-manual-2025-09-18T13-22-28-982Z.json
[2025-09-18T13:22:28.983Z] [INFO] Backup dosya boyutu: 0.01 MB
